<?xml version="1.0" encoding="UTF-8"?>
<!-- Generated by org.testng.reporters.JUnitReportReporter -->
<testsuite skipped="0" hostname="GOPINATH" name="org.test.Sample" tests="1" failures="0" timestamp="23 Aug 2020 15:45:29 GMT" time="10.031" errors="0">
  <testcase name="loginTestCase" time="10.031" classname="org.test.Sample"/>
</testsuite> <!-- org.test.Sample -->
