<?xml version="1.0" encoding="UTF-8"?>
<!-- Generated by org.testng.reporters.JUnitReportReporter -->
<testsuite skipped="0" hostname="GOPINATH" name="org.test.B" tests="3" failures="0" timestamp="13 Jul 2020 18:18:29 GMT" time="0.051" errors="0">
  <testcase name="tc12" time="0.012" classname="org.test.B"/>
  <testcase name="tc11" time="0.034" classname="org.test.B"/>
  <testcase name="tc13" time="0.005" classname="org.test.B"/>
</testsuite> <!-- org.test.B -->
